<?xml version="1.0" encoding="UTF-8"?>
<!-- Generated by org.testng.reporters.JUnitReportReporter -->
<testsuite hostname="Ramyas-MacBook-Air.local" failures="0" tests="10" name="com.salesforce.testScripts.CreateOpty" time="171.121" errors="0" timestamp="2022-05-20T16:44:07 CDT" skipped="4">
  <testcase classname="com.salesforce.testScripts.CreateOpty" name="TC19" time="27.846"/>
  <system-out/>
  <testcase classname="com.salesforce.testScripts.CreateOpty" name="TC19" time="27.810"/>
  <system-out/>
  <testcase classname="com.salesforce.testScripts.CreateOpty" name="TC19" time="29.401"/>
  <system-out/>
  <testcase classname="com.salesforce.testScripts.CreateOpty" name="TC19" time="28.080"/>
  <system-out/>
  <testcase classname="com.salesforce.testScripts.CreateOpty" name="TC19" time="28.378"/>
  <system-out/>
  <testcase classname="com.salesforce.testScripts.CreateOpty" name="TC19" time="29.606"/>
  <system-out/>
  <testcase classname="com.salesforce.testScripts.CreateOpty" name="TC16">
    <skipped/>
  </testcase> <!-- TC16 -->
  <system-out/>
  <testcase classname="com.salesforce.testScripts.CreateOpty" name="TC17">
    <skipped/>
  </testcase> <!-- TC17 -->
  <system-out/>
  <testcase classname="com.salesforce.testScripts.CreateOpty" name="TC18">
    <skipped/>
  </testcase> <!-- TC18 -->
  <system-out/>
  <testcase classname="com.salesforce.testScripts.CreateOpty" name="TC15">
    <skipped/>
  </testcase> <!-- TC15 -->
  <system-out/>
</testsuite> <!-- com.salesforce.testScripts.CreateOpty -->
