<?xml version="1.0" encoding="UTF-8"?>
<!-- Generated by org.testng.reporters.JUnitReportReporter -->
<testsuite hostname="Ramyas-MacBook-Air.local" failures="0" tests="5" name="com.salesforce.testScripts.SFDCLoginAutomationScripts" time="19.006" errors="0" timestamp="2022-05-31T16:31:58 CDT" skipped="4">
  <testcase classname="com.salesforce.testScripts.SFDCLoginAutomationScripts" name="LoginToSalesForce2" time="19.006"/>
  <system-out/>
  <testcase classname="com.salesforce.testScripts.SFDCLoginAutomationScripts" name="LoginErrorMessage1">
    <skipped/>
  </testcase> <!-- LoginErrorMessage1 -->
  <system-out/>
  <testcase classname="com.salesforce.testScripts.SFDCLoginAutomationScripts" name="ForgotPassword4A">
    <skipped/>
  </testcase> <!-- ForgotPassword4A -->
  <system-out/>
  <testcase classname="com.salesforce.testScripts.SFDCLoginAutomationScripts" name="forgotPassword4B">
    <skipped/>
  </testcase> <!-- forgotPassword4B -->
  <system-out/>
  <testcase classname="com.salesforce.testScripts.SFDCLoginAutomationScripts" name="CheckRemeberMe3">
    <skipped/>
  </testcase> <!-- CheckRemeberMe3 -->
  <system-out/>
</testsuite> <!-- com.salesforce.testScripts.SFDCLoginAutomationScripts -->
