<?xml version="1.0" encoding="UTF-8"?>
<!-- Generated by org.testng.reporters.JUnitReportReporter -->
<testsuite hostname="Ramyas-MacBook-Air.local" failures="0" tests="2" name="com.salesforce.testScripts.AutomationScripts" time="8.723" errors="0" timestamp="2022-05-09T17:45:01 CDT" skipped="1">
  <testcase classname="com.salesforce.testScripts.AutomationScripts" name="ForgotPassword4A" time="8.723"/>
  <system-out/>
  <testcase classname="com.salesforce.testScripts.AutomationScripts" name="TC06">
    <skipped/>
  </testcase> <!-- TC06 -->
  <system-out/>
</testsuite> <!-- com.salesforce.testScripts.AutomationScripts -->
